<?xml version="1.0" encoding="UTF-8"?>
<!-- Generated by org.testng.reporters.JUnitXMLReporter -->
<testsuite ignored="0" hostname="IND_PSHARMA" failures="0" tests="3" name="Default test" time="52.832" errors="0" timestamp="2021-05-10T11:21:26 IST">
  <testcase classname="prefcard_Selnium.ImportTestNg2" name="login_TC" time="25.951"/>
  <testcase classname="prefcard_Selnium.ImportTestNg2" name="importFile" time="15.34"/>
  <testcase classname="prefcard_Selnium.ImportTestNg2" name="watchVideo" time="0.243"/>
</testsuite> <!-- Default test -->
