<?xml version="1.0" encoding="UTF-8"?>
<testng-results ignored="0" total="3" passed="3" failed="0" skipped="0">
  <reporter-output>
  </reporter-output>
  <suite started-at="2021-05-10T11:20:33 IST" name="Default suite" finished-at="2021-05-10T11:21:26 IST" duration-ms="52832">
    <groups>
    </groups>
    <test started-at="2021-05-10T11:20:33 IST" name="Default test" finished-at="2021-05-10T11:21:26 IST" duration-ms="52832">
      <class name="prefcard_Selnium.ImportTestNg2">
        <test-method is-config="true" signature="launchBrwoser()[pri:0, instance:prefcard_Selnium.ImportTestNg2@69fb6037]" started-at="2021-05-10T11:20:33 IST" name="launchBrwoser" finished-at="2021-05-10T11:20:44 IST" duration-ms="11237" status="PASS">
          <reporter-output>
          </reporter-output>
        </test-method> <!-- launchBrwoser -->
        <test-method signature="login_TC()[pri:1, instance:prefcard_Selnium.ImportTestNg2@69fb6037]" started-at="2021-05-10T11:20:44 IST" name="login_TC" finished-at="2021-05-10T11:21:10 IST" duration-ms="25951" status="PASS">
          <reporter-output>
          </reporter-output>
        </test-method> <!-- login_TC -->
        <test-method signature="importFile()[pri:2, instance:prefcard_Selnium.ImportTestNg2@69fb6037]" started-at="2021-05-10T11:21:10 IST" name="importFile" finished-at="2021-05-10T11:21:25 IST" duration-ms="15340" status="PASS">
          <reporter-output>
          </reporter-output>
        </test-method> <!-- importFile -->
        <test-method signature="watchVideo()[pri:3, instance:prefcard_Selnium.ImportTestNg2@69fb6037]" started-at="2021-05-10T11:21:25 IST" name="watchVideo" finished-at="2021-05-10T11:21:26 IST" duration-ms="243" status="PASS">
          <reporter-output>
          </reporter-output>
        </test-method> <!-- watchVideo -->
      </class> <!-- prefcard_Selnium.ImportTestNg2 -->
    </test> <!-- Default test -->
  </suite> <!-- Default suite -->
</testng-results>
